<?xml version="1.0" encoding="UTF-8" ?>
<testsuite tests="51" failures="0" name="com.mawujun.repository.cnd.CndTest" time="0.281" errors="0" skipped="0">
  <properties>
[...]
</properties>
  <testcase classname="com.mawujun.repository.cnd.CndTest" name="orNotLike_ignoreCase" time="0.217"/>
  <testcase classname="com.mawujun.repository.cnd.CndTest" name="andGTE" time="0.013"/>
  <testcase classname="com.mawujun.repository.cnd.CndTest" name="andLTE" time="0.001"/>
  <testcase classname="com.mawujun.repository.cnd.CndTest" name="andNotInInt" time="0.011"/>
  <testcase classname="com.mawujun.repository.cnd.CndTest" name="andInByHql" time="0.005"/>
  <testcase classname="com.mawujun.repository.cnd.CndTest" name="andIn_name" time="0.007"/>
  <testcase classname="com.mawujun.repository.cnd.CndTest" name="orInInt" time="0.009"/>
  <testcase classname="com.mawujun.repository.cnd.CndTest" name="orNotIn" time="0"/>
  <testcase classname="com.mawujun.repository.cnd.CndTest" name="testWhere" time="0.001"/>
  <testcase classname="com.mawujun.repository.cnd.CndTest" name="insert" time="0"/>
  <testcase classname="com.mawujun.repository.cnd.CndTest" name="andNotLike" time="0"/>
  <testcase classname="com.mawujun.repository.cnd.CndTest" name="andLike_ignoreCase" time="0"/>
  <testcase classname="com.mawujun.repository.cnd.CndTest" name="orLike" time="0"/>
  <testcase classname="com.mawujun.repository.cnd.CndTest" name="andInInt" time="0"/>
  <testcase classname="com.mawujun.repository.cnd.CndTest" name="andNotIn" time="0"/>
  <testcase classname="com.mawujun.repository.cnd.CndTest" name="select" time="0.004"/>
  <testcase classname="com.mawujun.repository.cnd.CndTest" name="andLike" time="0"/>
  <testcase classname="com.mawujun.repository.cnd.CndTest" name="update" time="0.007"/>
  <testcase classname="com.mawujun.repository.cnd.CndTest" name="orLike_ignoreCase" time="0"/>
  <testcase classname="com.mawujun.repository.cnd.CndTest" name="andEquals" time="0"/>
  <testcase classname="com.mawujun.repository.cnd.CndTest" name="andNotEquals" time="0"/>
  <testcase classname="com.mawujun.repository.cnd.CndTest" name="andIsNull" time="0"/>
  <testcase classname="com.mawujun.repository.cnd.CndTest" name="asc" time="0"/>
  <testcase classname="com.mawujun.repository.cnd.CndTest" name="avg" time="0"/>
  <testcase classname="com.mawujun.repository.cnd.CndTest" name="max" time="0"/>
  <testcase classname="com.mawujun.repository.cnd.CndTest" name="min" time="0"/>
  <testcase classname="com.mawujun.repository.cnd.CndTest" name="sum" time="0"/>
  <testcase classname="com.mawujun.repository.cnd.CndTest" name="desc" time="0.002"/>
  <testcase classname="com.mawujun.repository.cnd.CndTest" name="orGT" time="0"/>
  <testcase classname="com.mawujun.repository.cnd.CndTest" name="orIn" time="0"/>
  <testcase classname="com.mawujun.repository.cnd.CndTest" name="orLT" time="0"/>
  <testcase classname="com.mawujun.repository.cnd.CndTest" name="orNotEquals" time="0"/>
  <testcase classname="com.mawujun.repository.cnd.CndTest" name="andNotIsNull" time="0"/>
  <testcase classname="com.mawujun.repository.cnd.CndTest" name="andGT" time="0"/>
  <testcase classname="com.mawujun.repository.cnd.CndTest" name="andIn" time="0"/>
  <testcase classname="com.mawujun.repository.cnd.CndTest" name="andLT" time="0"/>
  <testcase classname="com.mawujun.repository.cnd.CndTest" name="orGTE" time="0"/>
  <testcase classname="com.mawujun.repository.cnd.CndTest" name="orLTE" time="0"/>
  <testcase classname="com.mawujun.repository.cnd.CndTest" name="orNotIsNull" time="0"/>
  <testcase classname="com.mawujun.repository.cnd.CndTest" name="orEquals" time="0.001"/>
  <testcase classname="com.mawujun.repository.cnd.CndTest" name="orIsNull" time="0"/>
  <testcase classname="com.mawujun.repository.cnd.CndTest" name="andNotLike_ignoreCase" time="0"/>
  <testcase classname="com.mawujun.repository.cnd.CndTest" name="orNotInByHql" time="0.001"/>
  <testcase classname="com.mawujun.repository.cnd.CndTest" name="orNotIn_name" time="0"/>
  <testcase classname="com.mawujun.repository.cnd.CndTest" name="selectDistinct" time="0"/>
  <testcase classname="com.mawujun.repository.cnd.CndTest" name="orNotInInt" time="0.001"/>
  <testcase classname="com.mawujun.repository.cnd.CndTest" name="orInByHql" time="0.001"/>
  <testcase classname="com.mawujun.repository.cnd.CndTest" name="orIn_name" time="0"/>
  <testcase classname="com.mawujun.repository.cnd.CndTest" name="orNotLike" time="0"/>
  <testcase classname="com.mawujun.repository.cnd.CndTest" name="andNotInByHql" time="0"/>
  <testcase classname="com.mawujun.repository.cnd.CndTest" name="andNotIn_name" time="0"/>
</testsuite>