<?xml version="1.0" encoding="UTF-8" ?>
<testsuite tests="33" failures="0" name="com.mawujun.repository.RepositoryTest" time="4.802" errors="0" skipped="0">
  <properties>
[...]
</properties>
  <testcase classname="com.mawujun.repository.RepositoryTest" name="testBatchDeleteCollectionOfT" time="0.173"/>
  <testcase classname="com.mawujun.repository.RepositoryTest" name="testDeleteSerializable" time="0.215"/>
  <testcase classname="com.mawujun.repository.RepositoryTest" name="testQueryMaxCnd" time="0.016"/>
  <testcase classname="com.mawujun.repository.RepositoryTest" name="testQueryMinCnd" time="0.12"/>
  <testcase classname="com.mawujun.repository.RepositoryTest" name="queryUniqueCnd_M" time="0.213"/>
  <testcase classname="com.mawujun.repository.RepositoryTest" name="testQuerySumCnd" time="0.005"/>
  <testcase classname="com.mawujun.repository.RepositoryTest" name="testQueryUniqueCnd" time="0.208"/>
  <testcase classname="com.mawujun.repository.RepositoryTest" name="testBatchUpdateCollectionOfT" time="0.387"/>
  <testcase classname="com.mawujun.repository.RepositoryTest" name="testUpdateDynamic" time="0.108"/>
  <testcase classname="com.mawujun.repository.RepositoryTest" name="testBatchUpdateTArray" time="0.116"/>
  <testcase classname="com.mawujun.repository.RepositoryTest" name="testBatchDeleteTArray" time="0.318"/>
  <testcase classname="com.mawujun.repository.RepositoryTest" name="testGet" time="0.22"/>
  <testcase classname="com.mawujun.repository.RepositoryTest" name="testSave" time="0.008"/>
  <testcase classname="com.mawujun.repository.RepositoryTest" name="testQueryPage" time="0.115"/>
  <testcase classname="com.mawujun.repository.RepositoryTest" name="testBatchSaveCollectionOfT" time="0.238"/>
  <testcase classname="com.mawujun.repository.RepositoryTest" name="testQueryMaxCnd1" time="0.01"/>
  <testcase classname="com.mawujun.repository.RepositoryTest" name="testQueryCountCnd" time="0.182"/>
  <testcase classname="com.mawujun.repository.RepositoryTest" name="testQueryMinCnd1" time="0.006"/>
  <testcase classname="com.mawujun.repository.RepositoryTest" name="testQueryAll" time="0.211"/>
  <testcase classname="com.mawujun.repository.RepositoryTest" name="testQueryCnd" time="0.183"/>
  <testcase classname="com.mawujun.repository.RepositoryTest" name="testBatchDeletCnd" time="0.016"/>
  <testcase classname="com.mawujun.repository.RepositoryTest" name="queryUniqueCnd_BaseType" time="0.27"/>
  <testcase classname="com.mawujun.repository.RepositoryTest" name="testQueryCountCndProperty" time="0.218"/>
  <testcase classname="com.mawujun.repository.RepositoryTest" name="queryUniqueCnd_Map" time="0.005"/>
  <testcase classname="com.mawujun.repository.RepositoryTest" name="testBatchSaveTArray" time="0.185"/>
  <testcase classname="com.mawujun.repository.RepositoryTest" name="testBatchDeleteAll" time="0.241"/>
  <testcase classname="com.mawujun.repository.RepositoryTest" name="testUpdateDynamic1" time="0.031"/>
  <testcase classname="com.mawujun.repository.RepositoryTest" name="testDeleteT" time="0.015"/>
  <testcase classname="com.mawujun.repository.RepositoryTest" name="testSaveException" time="0.245"/>
  <testcase classname="com.mawujun.repository.RepositoryTest" name="testUpdate" time="0.23"/>
  <testcase classname="com.mawujun.repository.RepositoryTest" name="testBooleanType" time="0"/>
  <testcase classname="com.mawujun.repository.RepositoryTest" name="testQueryAvgCnd" time="0.079"/>
  <testcase classname="com.mawujun.repository.RepositoryTest" name="testBatchDeleteIDArray" time="0.215"/>
</testsuite>